<?xml version="1.0" encoding="UTF-8"?>
<!-- Generated by org.testng.reporters.JUnitXMLReporter -->
<testsuite ignored="0" hostname="siesdev4" failures="1" tests="1" name="Default test" time="214.818" errors="0" timestamp="2024-03-04T12:33:31 GMT">
  <testcase classname="io.cucumber.testng.AbstractTestNGCucumberTests" name="runScenario" time="208.973">
    <failure type="org.openqa.selenium.ElementClickInterceptedException" message="element click intercepted: Element &amp;lt;button id=&amp;quot;msdyn_workorder|NoRelationship|Form|Mscrm.SaveAndClosePrimary116-button&amp;quot; aria-label=&amp;quot;Save &amp;amp;amp; Close&amp;quot; aria-describedby=&amp;quot;id-8647&amp;quot; role=&amp;quot;menuitem&amp;quot; title=&amp;quot;Save &amp;amp;amp; Close

Save and close this Work Order.&amp;quot; tabindex=&amp;quot;-1&amp;quot; data-id=&amp;quot;msdyn_workorder|NoRelationship|Form|Mscrm.Form.msdyn_workorder.SaveAndClose&amp;quot; data-lp-id=&amp;quot;Form:msdyn_workorder-msdyn_workorder|NoRelationship|Form|Mscrm.Form.msdyn_workorder.SaveAndClose&amp;quot; type=&amp;quot;button&amp;quot; class=&amp;quot;pa-aw pa-ie pa-if pa-hy pa-cp pa-bo pa-il pa-p pa-iq pa-ir flexbox&amp;quot;&amp;gt;...&amp;lt;/button&amp;gt; is not clickable at point (424, 68). Other element would receive the click: &amp;lt;img src=&amp;quot;https://content.powerapps.com/resource/uci-infra/resources/images/PageBlock.a0c742e10064ee8c30d58c111947f54f.svg&amp;quot; alt=&amp;quot;Deactivate&amp;quot; title=&amp;quot;Deactivate&amp;quot; class=&amp;quot;pa-im pa-cy pa-ds pa-cz pa-is &amp;quot;&amp;gt;
  (Session info: chrome=122.0.6261.95)
Build info: version: &amp;apos;4.15.0&amp;apos;, revision: &amp;apos;1d14b5521b&amp;apos;
System info: os.name: &amp;apos;Windows Server 2022&amp;apos;, os.arch: &amp;apos;amd64&amp;apos;, os.version: &amp;apos;10.0&amp;apos;, java.version: &amp;apos;11.0.20&amp;apos;
Driver info: org.openqa.selenium.chrome.ChromeDriver
Command: [e7d499a8f8e97217355ed1b75c5598fd, clickElement {id=f.1CAB82C78B22548EF79B71A1D9A17845.d.F8F5C1B20A3B8935545A6A2AF4AE8E12.e.2988}]
Capabilities {acceptInsecureCerts: false, browserName: chrome, browserVersion: 122.0.6261.95, chrome: {chromedriverVersion: 122.0.6261.94 (880dbf29479c..., userDataDir: C:\Users\SRISWA~1.NUL\AppDa...}, fedcm:accounts: true, goog:chromeOptions: {debuggerAddress: localhost:53260}, networkConnectionEnabled: false, pageLoadStrategy: normal, platformName: windows, proxy: Proxy(), se:cdp: ws://localhost:53260/devtoo..., se:cdpVersion: 122.0.6261.95, setWindowRect: true, strictFileInteractability: false, timeouts: {implicit: 0, pageLoad: 300000, script: 30000}, unhandledPromptBehavior: dismiss and notify, webauthn:extension:credBlob: true, webauthn:extension:largeBlob: true, webauthn:extension:minPinLength: true, webauthn:extension:prf: true, webauthn:virtualAuthenticators: true}
Element: [[ChromeDriver: chrome on windows (e7d499a8f8e97217355ed1b75c5598fd)] -&amp;gt; xpath: //button[@aria-label=&amp;apos;Save &amp;amp; Close&amp;apos;]]
Session ID: e7d499a8f8e97217355ed1b75c5598fd">
      <![CDATA[org.openqa.selenium.ElementClickInterceptedException: element click intercepted: Element <button id="msdyn_workorder|NoRelationship|Form|Mscrm.SaveAndClosePrimary116-button" aria-label="Save &amp; Close" aria-describedby="id-8647" role="menuitem" title="Save &amp; Close

Save and close this Work Order." tabindex="-1" data-id="msdyn_workorder|NoRelationship|Form|Mscrm.Form.msdyn_workorder.SaveAndClose" data-lp-id="Form:msdyn_workorder-msdyn_workorder|NoRelationship|Form|Mscrm.Form.msdyn_workorder.SaveAndClose" type="button" class="pa-aw pa-ie pa-if pa-hy pa-cp pa-bo pa-il pa-p pa-iq pa-ir flexbox">...</button> is not clickable at point (424, 68). Other element would receive the click: <img src="https://content.powerapps.com/resource/uci-infra/resources/images/PageBlock.a0c742e10064ee8c30d58c111947f54f.svg" alt="Deactivate" title="Deactivate" class="pa-im pa-cy pa-ds pa-cz pa-is ">
  (Session info: chrome=122.0.6261.95)
Build info: version: '4.15.0', revision: '1d14b5521b'
System info: os.name: 'Windows Server 2022', os.arch: 'amd64', os.version: '10.0', java.version: '11.0.20'
Driver info: org.openqa.selenium.chrome.ChromeDriver
Command: [e7d499a8f8e97217355ed1b75c5598fd, clickElement {id=f.1CAB82C78B22548EF79B71A1D9A17845.d.F8F5C1B20A3B8935545A6A2AF4AE8E12.e.2988}]
Capabilities {acceptInsecureCerts: false, browserName: chrome, browserVersion: 122.0.6261.95, chrome: {chromedriverVersion: 122.0.6261.94 (880dbf29479c..., userDataDir: C:\Users\SRISWA~1.NUL\AppDa...}, fedcm:accounts: true, goog:chromeOptions: {debuggerAddress: localhost:53260}, networkConnectionEnabled: false, pageLoadStrategy: normal, platformName: windows, proxy: Proxy(), se:cdp: ws://localhost:53260/devtoo..., se:cdpVersion: 122.0.6261.95, setWindowRect: true, strictFileInteractability: false, timeouts: {implicit: 0, pageLoad: 300000, script: 30000}, unhandledPromptBehavior: dismiss and notify, webauthn:extension:credBlob: true, webauthn:extension:largeBlob: true, webauthn:extension:minPinLength: true, webauthn:extension:prf: true, webauthn:virtualAuthenticators: true}
Element: [[ChromeDriver: chrome on windows (e7d499a8f8e97217355ed1b75c5598fd)] -> xpath: //button[@aria-label='Save & Close']]
Session ID: e7d499a8f8e97217355ed1b75c5598fd
at java.base/jdk.internal.reflect.NativeConstructorAccessorImpl.newInstance0(Native Method)
at java.base/jdk.internal.reflect.NativeConstructorAccessorImpl.newInstance(NativeConstructorAccessorImpl.java:62)
at java.base/jdk.internal.reflect.DelegatingConstructorAccessorImpl.newInstance(DelegatingConstructorAccessorImpl.java:45)
at java.base/java.lang.reflect.Constructor.newInstance(Constructor.java:490)
at org.openqa.selenium.remote.codec.w3c.W3CHttpResponseCodec.createException(W3CHttpResponseCodec.java:200)
at org.openqa.selenium.remote.codec.w3c.W3CHttpResponseCodec.decode(W3CHttpResponseCodec.java:133)
at org.openqa.selenium.remote.codec.w3c.W3CHttpResponseCodec.decode(W3CHttpResponseCodec.java:52)
at org.openqa.selenium.remote.HttpCommandExecutor.execute(HttpCommandExecutor.java:191)
at org.openqa.selenium.remote.service.DriverCommandExecutor.invokeExecute(DriverCommandExecutor.java:200)
at org.openqa.selenium.remote.service.DriverCommandExecutor.execute(DriverCommandExecutor.java:175)
at org.openqa.selenium.remote.RemoteWebDriver.execute(RemoteWebDriver.java:607)
at org.openqa.selenium.remote.RemoteWebElement.execute(RemoteWebElement.java:224)
at org.openqa.selenium.remote.RemoteWebElement.click(RemoteWebElement.java:77)
at com.sat.testUtil.ElementUtil.doClick(ElementUtil.java:94)
at com.sat.Pages.CasecreationPage.workOrderValidation(CasecreationPage.java:636)
at com.sat.StepDefinitions.GWComplaintStepdefs.fill_the_details_in_Bookings_section(GWComplaintStepdefs.java:81)
at âœ½.fill the details in Bookings section(file:///C:/Users/sriswathianusha.nulu/newworkspace/AutomationFramework-main/src/test/resources/com.sat.Features/GWComplaint.feature:25)
]]>
    </failure>
  </testcase> <!-- runScenario -->
</testsuite> <!-- Default test -->
