<?xml version="1.0" encoding="UTF-8"?>
<!-- Generated by org.testng.reporters.JUnitXMLReporter -->
<testsuite ignored="0" hostname="siesdev4" failures="0" tests="0" name="Test" time="0.136" errors="0" timestamp="2024-01-22T13:01:49 GMT">
  <testcase classname="io.cucumber.testng.AbstractTestNGCucumberTests" name="@BeforeClass setUpClass" time="0.091">
    <failure type="io.cucumber.core.exception.CucumberException" message="java.lang.NoClassDefFoundError: com/aventstack/extentreports/reporter/ConfigurableReporter">
      <![CDATA[io.cucumber.core.exception.CucumberException: java.lang.NoClassDefFoundError: com/aventstack/extentreports/reporter/ConfigurableReporter
at io.cucumber.core.plugin.PluginFactory.newInstance(PluginFactory.java:85)
at io.cucumber.core.plugin.PluginFactory.instantiate(PluginFactory.java:68)
at io.cucumber.core.plugin.PluginFactory.create(PluginFactory.java:55)
at io.cucumber.core.plugin.Plugins.createPlugins(Plugins.java:48)
at io.cucumber.core.plugin.Plugins.<init>(Plugins.java:25)
at io.cucumber.testng.TestNGCucumberRunner.<init>(TestNGCucumberRunner.java:104)
at io.cucumber.testng.AbstractTestNGCucumberTests.setUpClass(AbstractTestNGCucumberTests.java:22)
at java.base/java.util.ArrayList.forEach(ArrayList.java:1541)
Caused by: java.lang.NoClassDefFoundError: com/aventstack/extentreports/reporter/ConfigurableReporter
at com.aventstack.extentreports.service.ExtentService.getInstance(ExtentService.java:30)
at com.aventstack.extentreports.cucumber.adapter.ExtentCucumberAdapter.<init>(ExtentCucumberAdapter.java:146)
at io.cucumber.core.plugin.PluginFactory.newInstance(PluginFactory.java:81)
... 32 more
Caused by: java.lang.ClassNotFoundException: com.aventstack.extentreports.reporter.ConfigurableReporter
at java.base/jdk.internal.loader.BuiltinClassLoader.loadClass(BuiltinClassLoader.java:581)
at java.base/jdk.internal.loader.ClassLoaders$AppClassLoader.loadClass(ClassLoaders.java:178)
at java.base/java.lang.ClassLoader.loadClass(ClassLoader.java:521)
... 39 more
... Removed 29 stack frames]]>
    </failure>
  </testcase> <!-- @BeforeClass setUpClass -->
</testsuite> <!-- Test -->
