<?xml version="1.0" encoding="UTF-8"?>
<!-- Generated by org.testng.reporters.JUnitReportReporter -->
<testsuite hostname="siesdev4" failures="0" tests="2" name="com.qa.pub.TestRunner.TestRunner" time="11.410" errors="2" timestamp="2024-01-22T07:34:33 GMT" skipped="0">
  <testcase classname="com.qa.pub.TestRunner.TestRunner" name="runScenario" time="9.853">
    <error message="Keys to send should be a not null CharSequence" type="java.lang.IllegalArgumentException">
      <![CDATA[java.lang.IllegalArgumentException: Keys to send should be a not null CharSequence
at org.openqa.selenium.remote.RemoteWebElement.sendKeys(RemoteWebElement.java:97)
at com.qa.pub.testUtil.ElementUtil.doSendKeys(ElementUtil.java:82)
at com.qa.pub.Pages.LoginPage.appLogin(LoginPage.java:46)
at com.qa.pub.StepDefinitions.LoginSteps.login_to_app_with_fio_credentials_with_and(LoginSteps.java:32)
at âœ½.Login to app with FIO credentials with "FIO_userid" and "FIO_pwd"(file:///E:/AutomationFramework-main/src/test/resources/com.qa.pub.Features/LoginPage.feature:6)
]]>
    </error>
  </testcase> <!-- runScenario -->
  <system-out/>
  <testcase classname="com.qa.pub.TestRunner.TestRunner" name="runScenario" time="1.557">
    <error message="There were 4 undefined steps
The step &quot;User navigates to BrowserStacklogin page&quot; is undefined. You can implement it using the snippet(s) below:

@Given(&quot;User navigates to BrowserStacklogin page&quot;)
public void user_navigates_to_BrowserStacklogin_page() {
    // Write code here that turns the phrase above into concrete actions
    throw new io.cucumber.java.PendingException();
}

The step &quot;user enters valid username and password&quot; is undefined. You can implement it using the snippet(s) below:

@When(&quot;user enters valid username and password&quot;)
public void user_enters_valid_username_and_password() {
    // Write code here that turns the phrase above into concrete actions
    throw new io.cucumber.java.PendingException();
}

The step &quot;clicks on login&quot; is undefined. You can implement it using the snippet(s) below:

@When(&quot;clicks on login&quot;)
public void clicks_on_login() {
    // Write code here that turns the phrase above into concrete actions
    throw new io.cucumber.java.PendingException();
}

The step &quot;user is navigated to Browserstack page&quot; is undefined. You can implement it using the snippet(s) below:

@Then(&quot;user is navigated to Browserstack page&quot;)
public void user_is_navigated_to_Browserstack_page() {
    // Write code here that turns the phrase above into concrete actions
    throw new io.cucumber.java.PendingException();
}
" type="io.cucumber.testng.UndefinedStepException">
      <![CDATA[io.cucumber.testng.UndefinedStepException: There were 4 undefined steps
The step "User navigates to BrowserStacklogin page" is undefined. You can implement it using the snippet(s) below:

@Given("User navigates to BrowserStacklogin page")
public void user_navigates_to_BrowserStacklogin_page() {
    // Write code here that turns the phrase above into concrete actions
    throw new io.cucumber.java.PendingException();
}

The step "user enters valid username and password" is undefined. You can implement it using the snippet(s) below:

@When("user enters valid username and password")
public void user_enters_valid_username_and_password() {
    // Write code here that turns the phrase above into concrete actions
    throw new io.cucumber.java.PendingException();
}

The step "clicks on login" is undefined. You can implement it using the snippet(s) below:

@When("clicks on login")
public void clicks_on_login() {
    // Write code here that turns the phrase above into concrete actions
    throw new io.cucumber.java.PendingException();
}

The step "user is navigated to Browserstack page" is undefined. You can implement it using the snippet(s) below:

@Then("user is navigated to Browserstack page")
public void user_is_navigated_to_Browserstack_page() {
    // Write code here that turns the phrase above into concrete actions
    throw new io.cucumber.java.PendingException();
}

at io.cucumber.testng.TestCaseResultObserver.lambda$assertTestCasePassed$2(TestCaseResultObserver.java:26)
at io.cucumber.core.runtime.TestCaseResultObserver.assertTestCasePassed(TestCaseResultObserver.java:110)
at io.cucumber.testng.TestCaseResultObserver.assertTestCasePassed(TestCaseResultObserver.java:21)
at io.cucumber.testng.TestNGCucumberRunner.runScenario(TestNGCucumberRunner.java:125)
at io.cucumber.testng.AbstractTestNGCucumberTests.runScenario(AbstractTestNGCucumberTests.java:29)
at java.base/jdk.internal.reflect.NativeMethodAccessorImpl.invoke0(Native Method)
at java.base/jdk.internal.reflect.NativeMethodAccessorImpl.invoke(NativeMethodAccessorImpl.java:62)
at java.base/jdk.internal.reflect.DelegatingMethodAccessorImpl.invoke(DelegatingMethodAccessorImpl.java:43)
at java.base/java.lang.reflect.Method.invoke(Method.java:566)
at org.testng.internal.MethodInvocationHelper.invokeMethod(MethodInvocationHelper.java:133)
at org.testng.internal.TestInvoker.invokeMethod(TestInvoker.java:598)
at org.testng.internal.TestInvoker.invokeTestMethod(TestInvoker.java:173)
at org.testng.internal.MethodRunner.runInSequence(MethodRunner.java:46)
at org.testng.internal.TestInvoker$MethodInvocationAgent.invoke(TestInvoker.java:824)
at org.testng.internal.TestInvoker.invokeTestMethods(TestInvoker.java:146)
at org.testng.internal.TestMethodWorker.invokeTestMethods(TestMethodWorker.java:146)
at org.testng.internal.TestMethodWorker.run(TestMethodWorker.java:128)
at java.base/java.util.ArrayList.forEach(ArrayList.java:1541)
at org.testng.TestRunner.privateRun(TestRunner.java:794)
at org.testng.TestRunner.run(TestRunner.java:596)
at org.testng.SuiteRunner.runTest(SuiteRunner.java:377)
at org.testng.SuiteRunner.runSequentially(SuiteRunner.java:371)
at org.testng.SuiteRunner.privateRun(SuiteRunner.java:332)
at org.testng.SuiteRunner.run(SuiteRunner.java:276)
at org.testng.SuiteRunnerWorker.runSuite(SuiteRunnerWorker.java:53)
at org.testng.SuiteRunnerWorker.run(SuiteRunnerWorker.java:96)
at org.testng.TestNG.runSuitesSequentially(TestNG.java:1212)
at org.testng.TestNG.runSuitesLocally(TestNG.java:1134)
at org.testng.TestNG.runSuites(TestNG.java:1063)
at org.testng.TestNG.run(TestNG.java:1031)
at org.testng.remote.AbstractRemoteTestNG.run(AbstractRemoteTestNG.java:115)
at org.testng.remote.RemoteTestNG.initAndRun(RemoteTestNG.java:251)
at org.testng.remote.RemoteTestNG.main(RemoteTestNG.java:77)
]]>
    </error>
  </testcase> <!-- runScenario -->
  <system-out/>
</testsuite> <!-- com.qa.pub.TestRunner.TestRunner -->
