<?xml version="1.0" encoding="UTF-8"?>
<!-- Generated by org.testng.reporters.JUnitReportReporter -->
<testsuite hostname="siesdev4" failures="0" tests="1" name="com.sat.TestRunner.TestRunner" time="208.973" errors="1" timestamp="2024-03-04T12:33:31 GMT" skipped="0">
  <testcase classname="com.sat.TestRunner.TestRunner" name="runScenario" time="208.973">
    <error message="element click intercepted: Element &lt;button id=&quot;msdyn_workorder|NoRelationship|Form|Mscrm.SaveAndClosePrimary116-button&quot; aria-label=&quot;Save &amp;amp; Close&quot; aria-describedby=&quot;id-8647&quot; role=&quot;menuitem&quot; title=&quot;Save &amp;amp; Close

Save and close this Work Order.&quot; tabindex=&quot;-1&quot; data-id=&quot;msdyn_workorder|NoRelationship|Form|Mscrm.Form.msdyn_workorder.SaveAndClose&quot; data-lp-id=&quot;Form:msdyn_workorder-msdyn_workorder|NoRelationship|Form|Mscrm.Form.msdyn_workorder.SaveAndClose&quot; type=&quot;button&quot; class=&quot;pa-aw pa-ie pa-if pa-hy pa-cp pa-bo pa-il pa-p pa-iq pa-ir flexbox&quot;&gt;...&lt;/button&gt; is not clickable at point (424, 68). Other element would receive the click: &lt;img src=&quot;https://content.powerapps.com/resource/uci-infra/resources/images/PageBlock.a0c742e10064ee8c30d58c111947f54f.svg&quot; alt=&quot;Deactivate&quot; title=&quot;Deactivate&quot; class=&quot;pa-im pa-cy pa-ds pa-cz pa-is &quot;&gt;
  (Session info: chrome=122.0.6261.95)
Build info: version: &#039;4.15.0&#039;, revision: &#039;1d14b5521b&#039;
System info: os.name: &#039;Windows Server 2022&#039;, os.arch: &#039;amd64&#039;, os.version: &#039;10.0&#039;, java.version: &#039;11.0.20&#039;
Driver info: org.openqa.selenium.chrome.ChromeDriver
Command: [e7d499a8f8e97217355ed1b75c5598fd, clickElement {id=f.1CAB82C78B22548EF79B71A1D9A17845.d.F8F5C1B20A3B8935545A6A2AF4AE8E12.e.2988}]
Capabilities {acceptInsecureCerts: false, browserName: chrome, browserVersion: 122.0.6261.95, chrome: {chromedriverVersion: 122.0.6261.94 (880dbf29479c..., userDataDir: C:\Users\SRISWA~1.NUL\AppDa...}, fedcm:accounts: true, goog:chromeOptions: {debuggerAddress: localhost:53260}, networkConnectionEnabled: false, pageLoadStrategy: normal, platformName: windows, proxy: Proxy(), se:cdp: ws://localhost:53260/devtoo..., se:cdpVersion: 122.0.6261.95, setWindowRect: true, strictFileInteractability: false, timeouts: {implicit: 0, pageLoad: 300000, script: 30000}, unhandledPromptBehavior: dismiss and notify, webauthn:extension:credBlob: true, webauthn:extension:largeBlob: true, webauthn:extension:minPinLength: true, webauthn:extension:prf: true, webauthn:virtualAuthenticators: true}
Element: [[ChromeDriver: chrome on windows (e7d499a8f8e97217355ed1b75c5598fd)] -&gt; xpath: //button[@aria-label=&#039;Save &amp; Close&#039;]]
Session ID: e7d499a8f8e97217355ed1b75c5598fd" type="org.openqa.selenium.ElementClickInterceptedException">
        <![CDATA[org.openqa.selenium.ElementClickInterceptedException: element click intercepted: Element <button id="msdyn_workorder|NoRelationship|Form|Mscrm.SaveAndClosePrimary116-button" aria-label="Save &amp; Close" aria-describedby="id-8647" role="menuitem" title="Save &amp; Close

Save and close this Work Order." tabindex="-1" data-id="msdyn_workorder|NoRelationship|Form|Mscrm.Form.msdyn_workorder.SaveAndClose" data-lp-id="Form:msdyn_workorder-msdyn_workorder|NoRelationship|Form|Mscrm.Form.msdyn_workorder.SaveAndClose" type="button" class="pa-aw pa-ie pa-if pa-hy pa-cp pa-bo pa-il pa-p pa-iq pa-ir flexbox">...</button> is not clickable at point (424, 68). Other element would receive the click: <img src="https://content.powerapps.com/resource/uci-infra/resources/images/PageBlock.a0c742e10064ee8c30d58c111947f54f.svg" alt="Deactivate" title="Deactivate" class="pa-im pa-cy pa-ds pa-cz pa-is ">
  (Session info: chrome=122.0.6261.95)
Build info: version: '4.15.0', revision: '1d14b5521b'
System info: os.name: 'Windows Server 2022', os.arch: 'amd64', os.version: '10.0', java.version: '11.0.20'
Driver info: org.openqa.selenium.chrome.ChromeDriver
Command: [e7d499a8f8e97217355ed1b75c5598fd, clickElement {id=f.1CAB82C78B22548EF79B71A1D9A17845.d.F8F5C1B20A3B8935545A6A2AF4AE8E12.e.2988}]
Capabilities {acceptInsecureCerts: false, browserName: chrome, browserVersion: 122.0.6261.95, chrome: {chromedriverVersion: 122.0.6261.94 (880dbf29479c..., userDataDir: C:\Users\SRISWA~1.NUL\AppDa...}, fedcm:accounts: true, goog:chromeOptions: {debuggerAddress: localhost:53260}, networkConnectionEnabled: false, pageLoadStrategy: normal, platformName: windows, proxy: Proxy(), se:cdp: ws://localhost:53260/devtoo..., se:cdpVersion: 122.0.6261.95, setWindowRect: true, strictFileInteractability: false, timeouts: {implicit: 0, pageLoad: 300000, script: 30000}, unhandledPromptBehavior: dismiss and notify, webauthn:extension:credBlob: true, webauthn:extension:largeBlob: true, webauthn:extension:minPinLength: true, webauthn:extension:prf: true, webauthn:virtualAuthenticators: true}
Element: [[ChromeDriver: chrome on windows (e7d499a8f8e97217355ed1b75c5598fd)] -> xpath: //button[@aria-label='Save & Close']]
Session ID: e7d499a8f8e97217355ed1b75c5598fd
at java.base/jdk.internal.reflect.NativeConstructorAccessorImpl.newInstance0(Native Method)
at java.base/jdk.internal.reflect.NativeConstructorAccessorImpl.newInstance(NativeConstructorAccessorImpl.java:62)
at java.base/jdk.internal.reflect.DelegatingConstructorAccessorImpl.newInstance(DelegatingConstructorAccessorImpl.java:45)
at java.base/java.lang.reflect.Constructor.newInstance(Constructor.java:490)
at org.openqa.selenium.remote.codec.w3c.W3CHttpResponseCodec.createException(W3CHttpResponseCodec.java:200)
at org.openqa.selenium.remote.codec.w3c.W3CHttpResponseCodec.decode(W3CHttpResponseCodec.java:133)
at org.openqa.selenium.remote.codec.w3c.W3CHttpResponseCodec.decode(W3CHttpResponseCodec.java:52)
at org.openqa.selenium.remote.HttpCommandExecutor.execute(HttpCommandExecutor.java:191)
at org.openqa.selenium.remote.service.DriverCommandExecutor.invokeExecute(DriverCommandExecutor.java:200)
at org.openqa.selenium.remote.service.DriverCommandExecutor.execute(DriverCommandExecutor.java:175)
at org.openqa.selenium.remote.RemoteWebDriver.execute(RemoteWebDriver.java:607)
at org.openqa.selenium.remote.RemoteWebElement.execute(RemoteWebElement.java:224)
at org.openqa.selenium.remote.RemoteWebElement.click(RemoteWebElement.java:77)
at com.sat.testUtil.ElementUtil.doClick(ElementUtil.java:94)
at com.sat.Pages.CasecreationPage.workOrderValidation(CasecreationPage.java:636)
at com.sat.StepDefinitions.GWComplaintStepdefs.fill_the_details_in_Bookings_section(GWComplaintStepdefs.java:81)
at âœ½.fill the details in Bookings section(file:///C:/Users/sriswathianusha.nulu/newworkspace/AutomationFramework-main/src/test/resources/com.sat.Features/GWComplaint.feature:25)
]]>
    </error>
  </testcase> <!-- runScenario -->
</testsuite> <!-- com.sat.TestRunner.TestRunner -->
